 enter input PSF file:
 enter input file tag:
 enter output file tag:
       
 NSTs:            1
 NIMs:           16
   Ls:        11368
       
 enter constraint parameters sep12x, sig12x, sep12y, sig12y:
 enter initial x1, y1, x2, y2, x3, y3, f1, f2 values:
 If abs(f1+f2-1.d0) < 1.d-6, source 3 flux f3 == 0
 enter dr1, dr2, dr3, df1, df2:
 enter error bar fudge factor:
 enter Nmcmc:
 enter dufitmn, dufitmx, dvfitmn, dvfitmx, chi2cut:
 READIN psfout_simstV.fits
              
 psfu(51,51):   0.188926294    
              
 00334    1    -0.7090   -0.9130      168.0    1   1
 00335    2    -0.7050    0.0890      284.0    1   1
 00336    3    -0.7010    1.0910       99.0    1   1
 00364    4     0.2850   -0.8520      213.0    1   1
 00365    5     0.2880    0.1510      400.0    1   1
 00366    6     0.2920    1.1530      129.0    1   1
 00394    7     1.2780   -0.7900       72.0    1   1
 00395    8     1.2820    0.2120      110.0    1   1
 00396    9     1.2850    1.2140       73.0    1   1
 01021   10    -1.4670   -0.7080       81.0    2   1
 01022   11    -1.4640    0.2940       75.0    2   1
 01023   12    -1.4600    1.2960       53.0    2   1
 01051   13    -0.4740   -0.6460      279.0    2   1
 01052   14    -0.4700    0.3560      357.0    2   1
 01053   15    -0.4670    1.3580       79.0    2   1
 01081   16     0.5190   -0.5840      304.0    2   1
 01082   17     0.5230    0.4180      297.0    2   1
 01083   18     0.5270    1.4200       74.0    2   1
 01736   19    -1.2490   -1.1360       70.0    3   1
 01737   20    -1.2450   -0.1340      143.0    3   1
 01738   21    -1.2420    0.8680       83.0    3   1
 01766   22    -0.2560   -1.0740      169.0    3   1
 01767   23    -0.2520   -0.0720      429.0    3   1
 01768   24    -0.2480    0.9300      224.0    3   1
 01796   25     0.7370   -1.0120      130.0    3   1
 01797   26     0.7410   -0.0100      269.0    3   1
 01798   27     0.7450    0.9920      116.0    3   1
 02463   28    -0.7540   -1.0840      152.0    4   1
 02464   29    -0.7510   -0.0820      268.0    4   1
 02465   30    -0.7470    0.9200      148.0    4   1
 02493   31     0.2390   -1.0220      162.0    4   1
 02494   32     0.2430   -0.0200      428.0    4   1
 02495   33     0.2460    0.9820      173.0    4   1
 02522   34     1.2320   -0.9600       63.0    4   1
 02523   35     1.2360    0.0420      116.0    4   1
 02524   36     1.2390    1.0440       71.0    4   1
 03152   37    -1.4690   -0.5160       83.0    5   1
 03153   38    -1.4660    0.4860       77.0    5   1
 03154   39    -1.4620    1.4880       59.0    5   1
 03181   40    -0.4800   -1.4560       66.0    5   1
 03182   41    -0.4760   -0.4540      327.0    5   1
 03183   42    -0.4730    0.5480      301.0    5   1
 03211   43     0.5140   -1.3940       81.0    5   1
 03212   44     0.5170   -0.3920      310.0    5   1
 03213   45     0.5210    0.6100      268.0    5   1
 03881   46    -0.9710   -1.4990       78.0    6   1
 03882   47    -0.9670   -0.4970      169.0    6   1
 03883   48    -0.9630    0.5050      165.0    6   1
 03911   49     0.0230   -1.4370       77.0    6   1
 03912   50     0.0260   -0.4350      420.0    6   1
 03913   51     0.0300    0.5670      329.0    6   1
 03941   52     1.0160   -1.3750       47.0    6   1
 03942   53     1.0200   -0.3730      192.0    6   1
 03943   54     1.0230    0.6290      132.0    6   1
 04579   55    -1.4400   -1.0330       73.0    7   1
 04580   56    -1.4370   -0.0310      103.0    7   1
 04581   57    -1.4330    0.9710       65.0    7   1
 04608   58    -0.4470   -0.9710      168.0    7   1
 04609   59    -0.4440    0.0310      353.0    7   1
 04610   60    -0.4400    1.0330      149.0    7   1
 04638   61     0.5460   -0.9090      184.0    7   1
 04639   62     0.5500    0.0930      330.0    7   1
 04640   63     0.5530    1.0950      153.0    7   1
 05291   64    -1.3240   -0.8110       99.0    8   1
 05292   65    -1.3200    0.1910      104.0    8   1
 05293   66    -1.3170    1.1930       59.0    8   1
 05321   67    -0.3300   -0.7490      258.0    8   1
 05322   68    -0.3270    0.2530      389.0    8   1
 05323   69    -0.3230    1.2550      117.0    8   1
 05351   70     0.6630   -0.6870      179.0    8   1
 05352   71     0.6660    0.3150      261.0    8   1
 05353   72     0.6700    1.3170      100.0    8   1
 06030   73    -0.5600   -0.6540      231.0    9   1
 06031   74    -0.5560    0.3480      295.0    9   1
 06032   75    -0.5530    1.3500      107.0    9   1
 06060   76     0.4330   -0.5920      225.0    9   1
 06061   77     0.4370    0.4100      348.0    9   1
 06062   78     0.4400    1.4120       85.0    9   1
 06090   79     1.4260   -0.5300       64.0    9   1
 06091   80     1.4300    0.4720       76.0    9   1
 06092   81     1.4340    1.4740       40.0    9   1
 06735   82    -0.6880   -0.7800      179.0   10   1
 06736   83    -0.6840    0.2220      282.0   10   1
 06737   84    -0.6810    1.2240       85.0   10   1
 06765   85     0.3050   -0.7180      282.0   10   1
 06766   86     0.3090    0.2840      385.0   10   1
 06767   87     0.3120    1.2860      120.0   10   1
 06795   88     1.2980   -0.6560       45.0   10   1
 06796   89     1.3020    0.3460       81.0   10   1
 06797   90     1.3060    1.3480       56.0   10   1
 07425   91    -1.2290   -1.2880       60.0   11   1
 07426   92    -1.2250   -0.2860      122.0   11   1
 07427   93    -1.2220    0.7160       80.0   11   1
 07455   94    -0.2360   -1.2260      135.0   11   1
 07456   95    -0.2320   -0.2240      404.0   11   1
 07457   96    -0.2280    0.7780      241.0   11   1
 07485   97     0.7570   -1.1640      121.0   11   1
 07486   98     0.7610   -0.1620      212.0   11   1
 07487   99     0.7650    0.8400      143.0   11   1
 08129  100    -1.3560   -1.2160       52.0   12   1
 08130  101    -1.3520   -0.2140       93.0   12   1
 08131  102    -1.3490    0.7880       65.0   12   1
 08159  103    -0.3630   -1.1540      141.0   12   1
 08160  104    -0.3590   -0.1520      359.0   12   1
 08161  105    -0.3560    0.8500      248.0   12   1
 08189  106     0.6300   -1.0920      128.0   12   1
 08190  107     0.6340   -0.0900      337.0   12   1
 08191  108     0.6380    0.9120      140.0   12   1
 08837  109    -1.4080   -1.4820       42.0   13   1
 08838  110    -1.4040   -0.4800       79.0   13   1
 08839  111    -1.4010    0.5220       65.0   13   1
 08867  112    -0.4150   -1.4200       97.0   13   1
 08868  113    -0.4110   -0.4180      330.0   13   1
 08869  114    -0.4080    0.5840      262.0   13   1
 08897  115     0.5780   -1.3580       66.0   13   1
 08898  116     0.5820   -0.3560      270.0   13   1
 08899  117     0.5860    0.6460      222.0   13   1
 09553  118    -1.2130   -1.2430       56.0   14   1
 09554  119    -1.2100   -0.2410      127.0   14   1
 09555  120    -1.2060    0.7610       55.0   14   1
 09583  121    -0.2200   -1.1810      145.0   14   1
 09584  122    -0.2160   -0.1790      396.0   14   1
 09585  123    -0.2130    0.8230      227.0   14   1
 09613  124     0.7730   -1.1190      118.0   14   1
 09614  125     0.7770   -0.1170      243.0   14   1
 09615  126     0.7800    0.8850      131.0   14   1
 10261  127    -1.3420   -0.7830       76.0   15   1
 10262  128    -1.3390    0.2190       99.0   15   1
 10263  129    -1.3350    1.2210       56.0   15   1
 10291  130    -0.3490   -0.7210      259.0   15   1
 10292  131    -0.3450    0.2810      328.0   15   1
 10293  132    -0.3420    1.2830      142.0   15   1
 10321  133     0.6440   -0.6590      227.0   15   1
 10322  134     0.6480    0.3430      250.0   15   1
 10323  135     0.6510    1.3450      110.0   15   1
 10997  136    -0.6110   -0.8800      182.0   16   1
 10998  137    -0.6080    0.1220      323.0   16   1
 10999  138    -0.6040    1.1240      119.0   16   1
 11027  139     0.3820   -0.8180      225.0   16   1
 11028  140     0.3850    0.1840      361.0   16   1
 11029  141     0.3890    1.1860      146.0   16   1
 11057  142     1.3750   -0.7560       52.0   16   1
 11058  143     1.3790    0.2460       97.0   16   1
 11059  144     1.3820    1.2480       47.0   16   1
 Ls:        11368
 Us:          144
 chi2norm =   1.00000000    
       10000  steps completed
       20000  steps completed
       30000  steps completed
       40000  steps completed
       50000  steps completed
       60000  steps completed
       70000  steps completed
       80000  steps completed
       90000  steps completed
      100000  steps completed
      110000  steps completed
      120000  steps completed
      130000  steps completed
      140000  steps completed
      150000  steps completed
      160000  steps completed
      170000  steps completed
      180000  steps completed
      190000  steps completed
      200000  steps completed
      210000  steps completed
      220000  steps completed
      230000  steps completed
      240000  steps completed
      250000  steps completed
      260000  steps completed
      270000  steps completed
      280000  steps completed
      290000  steps completed
      300000  steps completed
      310000  steps completed
      320000  steps completed
      330000  steps completed
      340000  steps completed
      350000  steps completed
      360000  steps completed
      370000  steps completed
      380000  steps completed
      390000  steps completed
      400000  steps completed
      410000  steps completed
      420000  steps completed
      430000  steps completed
      440000  steps completed
      450000  steps completed
      460000  steps completed
      470000  steps completed
      480000  steps completed
      490000  steps completed
      500000  steps completed
 accepted, rejected MCMC steps:      415258       84742
 chi2norm =   1.70562541    
       10000  steps completed
       20000  steps completed
       30000  steps completed
       40000  steps completed
       50000  steps completed
       60000  steps completed
       70000  steps completed
       80000  steps completed
       90000  steps completed
      100000  steps completed
      110000  steps completed
      120000  steps completed
      130000  steps completed
      140000  steps completed
      150000  steps completed
      160000  steps completed
      170000  steps completed
      180000  steps completed
      190000  steps completed
      200000  steps completed
      210000  steps completed
      220000  steps completed
      230000  steps completed
      240000  steps completed
      250000  steps completed
      260000  steps completed
      270000  steps completed
      280000  steps completed
      290000  steps completed
      300000  steps completed
      310000  steps completed
      320000  steps completed
      330000  steps completed
      340000  steps completed
      350000  steps completed
      360000  steps completed
      370000  steps completed
      380000  steps completed
      390000  steps completed
      400000  steps completed
      410000  steps completed
      420000  steps completed
      430000  steps completed
      440000  steps completed
      450000  steps completed
      460000  steps completed
      470000  steps completed
      480000  steps completed
      490000  steps completed
      500000  steps completed
 accepted, rejected MCMC steps:      433432       66568
 GENERATE PIX_SHOW...
 ---> i:          100
 ---> i:          200
 ---> i:          300
 ---> i:          400
 ---> i:          500
 ---> i:          600
 ---> i:          700
 ---> i:          800
 ---> i:          900
 ---> i:         1000
 ---> i:         1100
 ---> i:         1200
 ---> i:         1300
 ---> i:         1400
 ---> i:         1500
 ---> i:         1600
 ---> i:         1700
 ---> i:         1800
 ---> i:         1900
 ---> i:         2000
