 enter input PSF file:
 enter input file tag:
 enter output file tag:
       
 NSTs:            1
 NIMs:           16
   Ls:        11368
       
 enter constraint parameters sep12x, sig12x, sep12y, sig12y:
 enter initial x1, y1, x2, y2, x3, y3, f1, f2 values:
 If abs(f1+f2-1.d0) < 1.d-6, source 3 flux f3 == 0
 enter dr1, dr2, dr3, df1, df2:
 enter error bar fudge factor:
 enter Nmcmc:
 enter dufitmn, dufitmx, dvfitmn, dvfitmx, chi2cut:
 READIN psfout_simst.fits
              
 psfu(51,51):   0.188926294    
              
 00273    1    -2.7020   -3.0410       16.0    1   1
 00274    2    -2.6990   -2.0390       17.0    1   1
 00275    3    -2.6950   -1.0370       23.0    1   1
 00276    4    -2.6910   -0.0350       32.0    1   1
 00277    5    -2.6870    0.9670       29.0    1   1
 00278    6    -2.6840    1.9690       26.0    1   1
 00279    7    -2.6800    2.9710       16.0    1   1
 00302    8    -1.7090   -2.9790       23.0    1   1
 00303    9    -1.7050   -1.9770       51.0    1   1
 00304   10    -1.7020   -0.9750       54.0    1   1
 00305   11    -1.6980    0.0270       74.0    1   1
 00306   12    -1.6940    1.0290       50.0    1   1
 00307   13    -1.6900    2.0310       28.0    1   1
 00308   14    -1.6870    3.0330       15.0    1   1
 00332   15    -0.7160   -2.9180       11.0    1   1
 00333   16    -0.7120   -1.9150       57.0    1   1
 00334   17    -0.7090   -0.9130      168.0    1   1
 00335   18    -0.7050    0.0890      284.0    1   1
 00336   19    -0.7010    1.0910       99.0    1   1
 00337   20    -0.6970    2.0930       62.0    1   1
 00338   21    -0.6940    3.0950       14.0    1   1
 00362   22     0.2770   -2.8560       21.0    1   1
 00363   23     0.2810   -1.8540       55.0    1   1
 00364   24     0.2850   -0.8520      213.0    1   1
 00365   25     0.2880    0.1510      400.0    1   1
 00366   26     0.2920    1.1530      129.0    1   1
 00367   27     0.2960    2.1550       34.0    1   1
 00368   28     0.3000    3.1570        8.0    1   1
 00392   29     1.2700   -2.7940       11.0    1   1
 00393   30     1.2740   -1.7920       35.0    1   1
 00394   31     1.2780   -0.7900       72.0    1   1
 00395   32     1.2820    0.2120      110.0    1   1
 00396   33     1.2850    1.2140       73.0    1   1
 00397   34     1.2890    2.2160       34.0    1   1
 00398   35     1.2930    3.2190        9.0    1   1
 00422   36     2.2640   -2.7320        5.0    1   1
 00423   37     2.2670   -1.7300       24.0    1   1
 00424   38     2.2710   -0.7280       61.0    1   1
 00425   39     2.2750    0.2740       29.0    1   1
 00426   40     2.2790    1.2760       53.0    1   1
 00427   41     2.2820    2.2780       15.0    1   1
 00428   42     2.2860    3.2800        9.0    1   1
 00451   43     3.2570   -2.6700       14.0    1   1
 00452   44     3.2610   -1.6680        8.0    1   1
 00453   45     3.2640   -0.6660       15.0    1   1
 00454   46     3.2680    0.3360       25.0    1   1
 00455   47     3.2720    1.3380       10.0    1   1
 00456   48     3.2760    2.3400        8.0    1   1
 00457   49     3.2790    3.3420       -1.0    1   1
 00960   50    -3.4610   -2.8360       19.0    2   1
 00961   51    -3.4570   -1.8340       12.0    2   1
 00962   52    -3.4540   -0.8320       15.0    2   1
 00963   53    -3.4500    0.1700       18.0    2   1
 00964   54    -3.4460    1.1720       21.0    2   1
 00965   55    -3.4420    2.1740        5.0    2   1
 00966   56    -3.4390    3.1760        4.0    2   1
 00989   57    -2.4680   -2.7740        9.0    2   1
 00990   58    -2.4640   -1.7720       23.0    2   1
 00991   59    -2.4600   -0.7700       25.0    2   1
 00992   60    -2.4570    0.2320       41.0    2   1
 00993   61    -2.4530    1.2340       30.0    2   1
 00994   62    -2.4490    2.2360       12.0    2   1
 00995   63    -2.4460    3.2380       15.0    2   1
 01019   64    -1.4750   -2.7120       23.0    2   1
 01020   65    -1.4710   -1.7100       49.0    2   1
 01021   66    -1.4670   -0.7080       81.0    2   1
 01022   67    -1.4640    0.2940       75.0    2   1
 01023   68    -1.4600    1.2960       53.0    2   1
 01024   69    -1.4560    2.2980       37.0    2   1
 01025   70    -1.4520    3.3000       15.0    2   1
 01049   71    -0.4810   -2.6500       37.0    2   1
 01050   72    -0.4780   -1.6480       75.0    2   1
 01051   73    -0.4740   -0.6460      279.0    2   1
 01052   74    -0.4700    0.3560      357.0    2   1
 01053   75    -0.4670    1.3580       79.0    2   1
 01054   76    -0.4630    2.3600       47.0    2   1
 01055   77    -0.4590    3.3620       18.0    2   1
 01079   78     0.5120   -2.5890       18.0    2   1
 01080   79     0.5160   -1.5870       59.0    2   1
 01081   80     0.5190   -0.5840      304.0    2   1
 01082   81     0.5230    0.4180      297.0    2   1
 01083   82     0.5270    1.4200       74.0    2   1
 01084   83     0.5300    2.4220       48.0    2   1
 01085   84     0.5340    3.4240       12.0    2   1
 01109   85     1.5050   -2.5270       18.0    2   1
 01110   86     1.5090   -1.5250       50.0    2   1
 01111   87     1.5120   -0.5230       65.0    2   1
 01112   88     1.5160    0.4790       85.0    2   1
 01113   89     1.5200    1.4820       43.0    2   1
 01114   90     1.5240    2.4840       28.0    2   1
 01115   91     1.5270    3.4860        0.0    2   1
 01138   92     2.4950   -3.4670       10.0    2   1
 01139   93     2.4980   -2.4650       12.0    2   1
 01140   94     2.5020   -1.4630       10.0    2   1
 01141   95     2.5060   -0.4610       30.0    2   1
 01142   96     2.5090    0.5410       34.0    2   1
 01143   97     2.5130    1.5430       16.0    2   1
 01144   98     2.5170    2.5450       18.0    2   1
 01168   99     3.4880   -3.4050       10.0    2   1
 01169  100     3.4920   -2.4030       15.0    2   1
 01170  101     3.4950   -1.4010       18.0    2   1
 01171  102     3.4990   -0.3990       22.0    2   1
 01675  103    -3.2430   -3.2640       10.0    3   1
 01676  104    -3.2390   -2.2620        8.0    3   1
 01677  105    -3.2350   -1.2590       26.0    3   1
 01678  106    -3.2320   -0.2570       25.0    3   1
 01679  107    -3.2280    0.7450       10.0    3   1
 01680  108    -3.2240    1.7470       13.0    3   1
 01681  109    -3.2210    2.7490        5.0    3   1
 01704  110    -2.2500   -3.2020       11.0    3   1
 01705  111    -2.2460   -2.2000       24.0    3   1
 01706  112    -2.2420   -1.1980       36.0    3   1
 01707  113    -2.2390   -0.1960       24.0    3   1
 01708  114    -2.2350    0.8060       39.0    3   1
 01709  115    -2.2310    1.8080       31.0    3   1
 01710  116    -2.2270    2.8110        5.0    3   1
 01734  117    -1.2560   -3.1400       21.0    3   1
 01735  118    -1.2530   -2.1380       41.0    3   1
 01736  119    -1.2490   -1.1360       70.0    3   1
 01737  120    -1.2450   -0.1340      143.0    3   1
 01738  121    -1.2420    0.8680       83.0    3   1
 01739  122    -1.2380    1.8700       46.0    3   1
 01740  123    -1.2340    2.8720       33.0    3   1
 01764  124    -0.2630   -3.0780       18.0    3   1
 01765  125    -0.2590   -2.0760       39.0    3   1
 01766  126    -0.2560   -1.0740      169.0    3   1
 01767  127    -0.2520   -0.0720      429.0    3   1
 01768  128    -0.2480    0.9300      224.0    3   1
 01769  129    -0.2450    1.9320       68.0    3   1
 01770  130    -0.2410    2.9340       21.0    3   1
 01794  131     0.7300   -3.0160       25.0    3   1
 01795  132     0.7340   -2.0140       37.0    3   1
 01796  133     0.7370   -1.0120      130.0    3   1
 01797  134     0.7410   -0.0100      269.0    3   1
 01798  135     0.7450    0.9920      116.0    3   1
 01799  136     0.7480    1.9940       47.0    3   1
 01800  137     0.7520    2.9960       25.0    3   1
 01823  138     1.7230   -2.9540       16.0    3   1
 01824  139     1.7270   -1.9520       32.0    3   1
 01825  140     1.7310   -0.9500       60.0    3   1
 01826  141     1.7340    0.0520       53.0    3   1
 01827  142     1.7380    1.0540       37.0    3   1
 01828  143     1.7420    2.0560       22.0    3   1
 01829  144     1.7450    3.0580       15.0    3   1
 01852  145     2.7170   -2.8920        3.0    3   1
 01853  146     2.7200   -1.8900        8.0    3   1
 01854  147     2.7240   -0.8880       30.0    3   1
 01855  148     2.7280    0.1140       34.0    3   1
 01856  149     2.7310    1.1160       21.0    3   1
 01857  150     2.7350    2.1180       14.0    3   1
 01858  151     2.7390    3.1200       15.0    3   1
 02402  152    -2.7480   -3.2120        4.0    4   1
 02403  153    -2.7440   -2.2100       16.0    4   1
 02404  154    -2.7410   -1.2080       21.0    4   1
 02405  155    -2.7370   -0.2060       24.0    4   1
 02406  156    -2.7340    0.7960       33.0    4   1
 02407  157    -2.7300    1.7980       23.0    4   1
 02408  158    -2.7260    2.8000       16.0    4   1
 02431  159    -1.7550   -3.1500        1.0    4   1
 02432  160    -1.7510   -2.1480       35.0    4   1
 02433  161    -1.7480   -1.1460       56.0    4   1
 02434  162    -1.7440   -0.1440       60.0    4   1
 02435  163    -1.7400    0.8580       49.0    4   1
 02436  164    -1.7370    1.8600       24.0    4   1
 02437  165    -1.7330    2.8620       20.0    4   1
 02461  166    -0.7620   -3.0880       25.0    4   1
 02462  167    -0.7580   -2.0860       40.0    4   1
 02463  168    -0.7540   -1.0840      152.0    4   1
 02464  169    -0.7510   -0.0820      268.0    4   1
 02465  170    -0.7470    0.9200      148.0    4   1
 02466  171    -0.7430    1.9220       43.0    4   1
 02467  172    -0.7400    2.9240       42.0    4   1
 02491  173     0.2320   -3.0260       16.0    4   1
 02492  174     0.2350   -2.0240       54.0    4   1
 02493  175     0.2390   -1.0220      162.0    4   1
 02494  176     0.2430   -0.0200      428.0    4   1
 02495  177     0.2460    0.9820      173.0    4   1
 02496  178     0.2500    1.9840       47.0    4   1
 02497  179     0.2530    2.9860       35.0    4   1
 02520  180     1.2250   -2.9640       16.0    4   1
 02521  181     1.2290   -1.9620       34.0    4   1
 02522  182     1.2320   -0.9600       63.0    4   1
 02523  183     1.2360    0.0420      116.0    4   1
 02524  184     1.2390    1.0440       71.0    4   1
 02525  185     1.2430    2.0460       33.0    4   1
 02526  186     1.2470    3.0480       25.0    4   1
 02549  187     2.2180   -2.9020       14.0    4   1
 02550  188     2.2220   -1.9000       19.0    4   1
 02551  189     2.2250   -0.8980       38.0    4   1
 02552  190     2.2290    0.1040       39.0    4   1
 02553  191     2.2330    1.1060       39.0    4   1
 02554  192     2.2360    2.1080        4.0    4   1
 02555  193     2.2400    3.1100       14.0    4   1
 02578  194     3.2110   -2.8400        5.0    4   1
 02579  195     3.2150   -1.8380        8.0    4   1
 02580  196     3.2190   -0.8360       23.0    4   1
 02581  197     3.2220    0.1660       28.0    4   1
 02582  198     3.2260    1.1680       10.0    4   1
 02583  199     3.2300    2.1700        3.0    4   1
 02584  200     3.2330    3.1720       11.0    4   1
 03090  201    -3.4630   -2.6440        5.0    5   1
 03091  202    -3.4600   -1.6420       15.0    5   1
 03092  203    -3.4560   -0.6400       10.0    5   1
 03093  204    -3.4520    0.3620       18.0    5   1
 03094  205    -3.4490    1.3640        9.0    5   1
 03095  206    -3.4450    2.3660        7.0    5   1
 03096  207    -3.4420    3.3680        4.0    5   1
 03120  208    -2.4700   -2.5820       26.0    5   1
 03121  209    -2.4660   -1.5800       22.0    5   1
 03122  210    -2.4630   -0.5780       37.0    5   1
 03123  211    -2.4590    0.4240       26.0    5   1
 03124  212    -2.4560    1.4260       17.0    5   1
 03125  213    -2.4520    2.4280       17.0    5   1
 03126  214    -2.4480    3.4300        9.0    5   1
 03150  215    -1.4770   -2.5200       33.0    5   1
 03151  216    -1.4730   -1.5180       54.0    5   1
 03152  217    -1.4690   -0.5160       83.0    5   1
 03153  218    -1.4660    0.4860       77.0    5   1
 03154  219    -1.4620    1.4880       59.0    5   1
 03155  220    -1.4590    2.4900       21.0    5   1
 03156  221    -1.4550    3.4920       13.0    5   1
 03179  222    -0.4870   -3.4600       11.0    5   1
 03180  223    -0.4830   -2.4580       32.0    5   1
 03181  224    -0.4800   -1.4560       66.0    5   1
 03182  225    -0.4760   -0.4540      327.0    5   1
 03183  226    -0.4730    0.5480      301.0    5   1
 03184  227    -0.4690    1.5500       74.0    5   1
 03185  228    -0.4650    2.5520       48.0    5   1
 03209  229     0.5060   -3.3980        7.0    5   1
 03210  230     0.5100   -2.3960       35.0    5   1
 03211  231     0.5140   -1.3940       81.0    5   1
 03212  232     0.5170   -0.3920      310.0    5   1
 03213  233     0.5210    0.6100      268.0    5   1
 03214  234     0.5240    1.6120       77.0    5   1
 03215  235     0.5280    2.6140       24.0    5   1
 03239  236     1.5000   -3.3360       -4.0    5   1
 03240  237     1.5030   -2.3340       31.0    5   1
 03241  238     1.5070   -1.3320       34.0    5   1
 03242  239     1.5100   -0.3300       61.0    5   1
 03243  240     1.5140    0.6720       70.0    5   1
 03244  241     1.5180    1.6740       35.0    5   1
 03245  242     1.5210    2.6760        7.0    5   1
 03269  243     2.4930   -3.2750        2.0    5   1
 03270  244     2.4970   -2.2720       11.0    5   1
 03271  245     2.5000   -1.2700       30.0    5   1
 03272  246     2.5040   -0.2680       32.0    5   1
 03273  247     2.5070    0.7340       38.0    5   1
 03274  248     2.5110    1.7360       22.0    5   1
 03275  249     2.5150    2.7380       15.0    5   1
 03299  250     3.4860   -3.2130       11.0    5   1
 03300  251     3.4900   -2.2110        9.0    5   1
 03301  252     3.4930   -1.2080        5.0    5   1
 03302  253     3.4970   -0.2060       25.0    5   1
 03820  254    -2.9610   -2.6250       24.0    6   1
 03821  255    -2.9570   -1.6230       21.0    6   1
 03822  256    -2.9540   -0.6210       19.0    6   1
 03823  257    -2.9500    0.3810       22.0    6   1
 03824  258    -2.9460    1.3840       18.0    6   1
 03825  259    -2.9430    2.3860       21.0    6   1
 03826  260    -2.9390    3.3880       11.0    6   1
 03850  261    -1.9680   -2.5630       23.0    6   1
 03851  262    -1.9640   -1.5610       37.0    6   1
 03852  263    -1.9600   -0.5590       33.0    6   1
 03853  264    -1.9570    0.4430       35.0    6   1
 03854  265    -1.9530    1.4450       29.0    6   1
 03855  266    -1.9490    2.4470       24.0    6   1
 03856  267    -1.9460    3.4500        7.0    6   1
 03880  268    -0.9740   -2.5010       57.0    6   1
 03881  269    -0.9710   -1.4990       78.0    6   1
 03882  270    -0.9670   -0.4970      169.0    6   1
 03883  271    -0.9630    0.5050      165.0    6   1
 03884  272    -0.9600    1.5070       66.0    6   1
 03885  273    -0.9560    2.5090       35.0    6   1
 03909  274     0.0150   -3.4410       17.0    6   1
 03910  275     0.0190   -2.4390       32.0    6   1
 03911  276     0.0230   -1.4370       77.0    6   1
 03912  277     0.0260   -0.4350      420.0    6   1
 03913  278     0.0300    0.5670      329.0    6   1
 03914  279     0.0330    1.5690       92.0    6   1
 03915  280     0.0370    2.5710       46.0    6   1
 03939  281     1.0090   -3.3790       22.0    6   1
 03940  282     1.0120   -2.3770       30.0    6   1
 03941  283     1.0160   -1.3750       47.0    6   1
 03942  284     1.0200   -0.3730      192.0    6   1
 03943  285     1.0230    0.6290      132.0    6   1
 03944  286     1.0270    1.6310       51.0    6   1
 03945  287     1.0300    2.6330       27.0    6   1
 03969  288     2.0020   -3.3170       12.0    6   1
 03970  289     2.0060   -2.3150       11.0    6   1
 03971  290     2.0090   -1.3130       44.0    6   1
 03972  291     2.0130   -0.3110       51.0    6   1
 03973  292     2.0160    0.6910       52.0    6   1
 03974  293     2.0200    1.6930       38.0    6   1
 03975  294     2.0240    2.6950        4.0    6   1
 03999  295     2.9950   -3.2550        9.0    6   1
 04000  296     2.9990   -2.2530        1.0    6   1
 04001  297     3.0020   -1.2510        5.0    6   1
 04002  298     3.0060   -0.2490        8.0    6   1
 04003  299     3.0100    0.7530       10.0    6   1
 04004  300     3.0130    1.7550        1.0    6   1
 04005  301     3.0170    2.7570       19.0    6   1
 04519  302    -3.4340   -3.1610       20.0    7   1
 04520  303    -3.4310   -2.1590       27.0    7   1
 04521  304    -3.4270   -1.1560       21.0    7   1
 04522  305    -3.4230   -0.1540        7.0    7   1
 04523  306    -3.4200    0.8480        8.0    7   1
 04524  307    -3.4160    1.8500       18.0    7   1
 04525  308    -3.4120    2.8520       14.0    7   1
 04548  309    -2.4410   -3.0990       18.0    7   1
 04549  310    -2.4370   -2.0970       25.0    7   1
 04550  311    -2.4340   -1.0950       34.0    7   1
 04551  312    -2.4300   -0.0920       35.0    7   1
 04552  313    -2.4260    0.9100       30.0    7   1
 04553  314    -2.4230    1.9120       23.0    7   1
 04554  315    -2.4190    2.9140        9.0    7   1
 04577  316    -1.4480   -3.0370       34.0    7   1
 04578  317    -1.4440   -2.0350       52.0    7   1
 04579  318    -1.4400   -1.0330       73.0    7   1
 04580  319    -1.4370   -0.0310      103.0    7   1
 04581  320    -1.4330    0.9710       65.0    7   1
 04582  321    -1.4300    1.9740       29.0    7   1
 04583  322    -1.4260    2.9760       15.0    7   1
 04606  323    -0.4540   -2.9750       29.0    7   1
 04607  324    -0.4510   -1.9730       64.0    7   1
 04608  325    -0.4470   -0.9710      168.0    7   1
 04609  326    -0.4440    0.0310      353.0    7   1
 04610  327    -0.4400    1.0330      149.0    7   1
 04611  328    -0.4360    2.0350       54.0    7   1
 04612  329    -0.4330    3.0370       28.0    7   1
 04636  330     0.5390   -2.9130       29.0    7   1
 04637  331     0.5420   -1.9110       44.0    7   1
 04638  332     0.5460   -0.9090      184.0    7   1
 04639  333     0.5500    0.0930      330.0    7   1
 04640  334     0.5530    1.0950      153.0    7   1
 04641  335     0.5570    2.0970       41.0    7   1
 04642  336     0.5610    3.0990       36.0    7   1
 04666  337     1.5320   -2.8510       18.0    7   1
 04667  338     1.5360   -1.8490       40.0    7   1
 04668  339     1.5390   -0.8470       43.0    7   1
 04669  340     1.5430    0.1550       51.0    7   1
 04670  341     1.5470    1.1570       47.0    7   1
 04671  342     1.5500    2.1590       49.0    7   1
 04672  343     1.5540    3.1610       19.0    7   1
 04695  344     2.5250   -2.7890       15.0    7   1
 04696  345     2.5290   -1.7870       18.0    7   1
 04697  346     2.5330   -0.7850        9.0    7   1
 04698  347     2.5360    0.2170       32.0    7   1
 04699  348     2.5400    1.2190       15.0    7   1
 04700  349     2.5430    2.2210       25.0    7   1
 04701  350     2.5470    3.2230        0.0    7   1
 05230  351    -3.3180   -2.9390       11.0    8   1
 05231  352    -3.3140   -1.9370       11.0    8   1
 05232  353    -3.3100   -0.9350        5.0    8   1
 05233  354    -3.3070    0.0670       -2.0    8   1
 05234  355    -3.3030    1.0690       15.0    8   1
 05235  356    -3.3000    2.0710       14.0    8   1
 05236  357    -3.2960    3.0730       11.0    8   1
 05259  358    -2.3240   -2.8770       12.0    8   1
 05260  359    -2.3210   -1.8750       18.0    8   1
 05261  360    -2.3170   -0.8730       50.0    8   1
 05262  361    -2.3130    0.1290       35.0    8   1
 05263  362    -2.3100    1.1310       26.0    8   1
 05264  363    -2.3060    2.1330       29.0    8   1
 05265  364    -2.3030    3.1350       16.0    8   1
 05289  365    -1.3310   -2.8150       38.0    8   1
 05290  366    -1.3270   -1.8130       63.0    8   1
 05291  367    -1.3240   -0.8110       99.0    8   1
 05292  368    -1.3200    0.1910      104.0    8   1
 05293  369    -1.3170    1.1930       59.0    8   1
 05294  370    -1.3130    2.1950       24.0    8   1
 05295  371    -1.3090    3.1970       15.0    8   1
 05319  372    -0.3380   -2.7530       39.0    8   1
 05320  373    -0.3340   -1.7510       45.0    8   1
 05321  374    -0.3300   -0.7490      258.0    8   1
 05322  375    -0.3270    0.2530      389.0    8   1
 05323  376    -0.3230    1.2550      117.0    8   1
 05324  377    -0.3200    2.2570       44.0    8   1
 05325  378    -0.3160    3.2590       20.0    8   1
 05349  379     0.6560   -2.6910       20.0    8   1
 05350  380     0.6590   -1.6890       58.0    8   1
 05351  381     0.6630   -0.6870      179.0    8   1
 05352  382     0.6660    0.3150      261.0    8   1
 05353  383     0.6700    1.3170      100.0    8   1
 05354  384     0.6740    2.3190       27.0    8   1
 05355  385     0.6770    3.3210       18.0    8   1
 05379  386     1.6490   -2.6290        4.0    8   1
 05380  387     1.6530   -1.6270       22.0    8   1
 05381  388     1.6560   -0.6250       28.0    8   1
 05382  389     1.6600    0.3770       47.0    8   1
 05383  390     1.6630    1.3790       38.0    8   1
 05384  391     1.6670    2.3810       33.0    8   1
 05385  392     1.6710    3.3830       16.0    8   1
 05409  393     2.6420   -2.5670        7.0    8   1
 05410  394     2.6460   -1.5650       22.0    8   1
 05411  395     2.6500   -0.5630       33.0    8   1
 05412  396     2.6530    0.4390       23.0    8   1
 05413  397     2.6570    1.4410       23.0    8   1
 05414  398     2.6600    2.4430       10.0    8   1
 05415  399     2.6640    3.4450       20.0    8   1
 05968  400    -2.5530   -2.7810       21.0    9   1
 05969  401    -2.5500   -1.7790       26.0    9   1
 05970  402    -2.5460   -0.7780       32.0    9   1
 05971  403    -2.5430    0.2240       30.0    9   1
 05972  404    -2.5390    1.2260       20.0    9   1
 05973  405    -2.5350    2.2280       16.0    9   1
 05974  406    -2.5320    3.2300        8.0    9   1
 05998  407    -1.5600   -2.7190       32.0    9   1
 05999  408    -1.5570   -1.7180       49.0    9   1
 06000  409    -1.5530   -0.7160       79.0    9   1
 06001  410    -1.5490    0.2860       71.0    9   1
 06002  411    -1.5460    1.2880       40.0    9   1
 06003  412    -1.5420    2.2900       33.0    9   1
 06004  413    -1.5390    3.2920       15.0    9   1
 06028  414    -0.5670   -2.6570       46.0    9   1
 06029  415    -0.5630   -1.6560       78.0    9   1
 06030  416    -0.5600   -0.6540      231.0    9   1
 06031  417    -0.5560    0.3480      295.0    9   1
 06032  418    -0.5530    1.3500      107.0    9   1
 06033  419    -0.5490    2.3520       71.0    9   1
 06034  420    -0.5460    3.3540        9.0    9   1
 06058  421     0.4260   -2.5950       26.0    9   1
 06059  422     0.4300   -1.5940       62.0    9   1
 06060  423     0.4330   -0.5920      225.0    9   1
 06061  424     0.4370    0.4100      348.0    9   1
 06062  425     0.4400    1.4120       85.0    9   1
 06063  426     0.4440    2.4140       20.0    9   1
 06064  427     0.4480    3.4160       19.0    9   1
 06088  428     1.4190   -2.5340       18.0    9   1
 06089  429     1.4230   -1.5320       36.0    9   1
 06090  430     1.4260   -0.5300       64.0    9   1
 06091  431     1.4300    0.4720       76.0    9   1
 06092  432     1.4340    1.4740       40.0    9   1
 06093  433     1.4370    2.4760       43.0    9   1
 06094  434     1.4410    3.4780       19.0    9   1
 06117  435     2.4090   -3.4730        8.0    9   1
 06118  436     2.4120   -2.4720        1.0    9   1
 06119  437     2.4160   -1.4700       30.0    9   1
 06120  438     2.4200   -0.4680       31.0    9   1
 06121  439     2.4230    0.5340       26.0    9   1
 06122  440     2.4270    1.5360       15.0    9   1
 06123  441     2.4300    2.5380       10.0    9   1
 06147  442     3.4020   -3.4120        3.0    9   1
 06148  443     3.4060   -2.4100       13.0    9   1
 06149  444     3.4090   -1.4080       10.0    9   1
 06150  445     3.4130   -0.4060        5.0    9   1
 06151  446     3.4160    0.5960       16.0    9   1
 06152  447     3.4200    1.5980       13.0    9   1
 06153  448     3.4230    2.6000       15.0    9   1
 06673  449    -2.6820   -2.9080       15.0   10   1
 06674  450    -2.6780   -1.9060        5.0   10   1
 06675  451    -2.6740   -0.9040       19.0   10   1
 06676  452    -2.6710    0.0980       32.0   10   1
 06677  453    -2.6670    1.1000       23.0   10   1
 06678  454    -2.6630    2.1020       32.0   10   1
 06679  455    -2.6600    3.1040        8.0   10   1
 06703  456    -1.6880   -2.8460       28.0   10   1
 06704  457    -1.6850   -1.8440       42.0   10   1
 06705  458    -1.6810   -0.8420       49.0   10   1
 06706  459    -1.6780    0.1600       73.0   10   1
 06707  460    -1.6740    1.1620       36.0   10   1
 06708  461    -1.6700    2.1640       26.0   10   1
 06709  462    -1.6670    3.1660       15.0   10   1
 06733  463    -0.6950   -2.7840       31.0   10   1
 06734  464    -0.6920   -1.7820       81.0   10   1
 06735  465    -0.6880   -0.7800      179.0   10   1
 06736  466    -0.6840    0.2220      282.0   10   1
 06737  467    -0.6810    1.2240       85.0   10   1
 06738  468    -0.6770    2.2260       54.0   10   1
 06739  469    -0.6730    3.2280       38.0   10   1
 06763  470     0.2980   -2.7220       36.0   10   1
 06764  471     0.3020   -1.7200       63.0   10   1
 06765  472     0.3050   -0.7180      282.0   10   1
 06766  473     0.3090    0.2840      385.0   10   1
 06767  474     0.3120    1.2860      120.0   10   1
 06768  475     0.3160    2.2880       50.0   10   1
 06769  476     0.3200    3.2900       17.0   10   1
 06793  477     1.2910   -2.6600       24.0   10   1
 06794  478     1.2950   -1.6580       28.0   10   1
 06795  479     1.2980   -0.6560       45.0   10   1
 06796  480     1.3020    0.3460       81.0   10   1
 06797  481     1.3060    1.3480       56.0   10   1
 06798  482     1.3090    2.3500       45.0   10   1
 06799  483     1.3130    3.3510       16.0   10   1
 06823  484     2.2840   -2.5980        8.0   10   1
 06824  485     2.2880   -1.5960       29.0   10   1
 06825  486     2.2920   -0.5940       26.0   10   1
 06826  487     2.2950    0.4080       48.0   10   1
 06827  488     2.2990    1.4100       35.0   10   1
 06828  489     2.3020    2.4110       20.0   10   1
 06829  490     2.3060    3.4130       15.0   10   1
 06853  491     3.2770   -2.5360       14.0   10   1
 06854  492     3.2810   -1.5340        8.0   10   1
 06855  493     3.2850   -0.5320        8.0   10   1
 06856  494     3.2880    0.4700       14.0   10   1
 06857  495     3.2920    1.4720       16.0   10   1
 06858  496     3.2960    2.4730       15.0   10   1
 06859  497     3.2990    3.4750       -4.0   10   1
 07363  498    -3.2220   -3.4150        4.0   11   1
 07364  499    -3.2190   -2.4130       24.0   11   1
 07365  500    -3.2150   -1.4120       11.0   11   1
 07366  501    -3.2110   -0.4100       33.0   11   1
 07367  502    -3.2080    0.5920       20.0   11   1
 07368  503    -3.2040    1.5940       25.0   11   1
 07369  504    -3.2000    2.5960        7.0   11   1
 07393  505    -2.2290   -3.3530       18.0   11   1
 07394  506    -2.2260   -2.3510       23.0   11   1
 07395  507    -2.2220   -1.3500       34.0   11   1
 07396  508    -2.2180   -0.3480       30.0   11   1
 07397  509    -2.2150    0.6540       33.0   11   1
 07398  510    -2.2110    1.6560       37.0   11   1
 07399  511    -2.2070    2.6580       14.0   11   1
 07423  512    -1.2360   -3.2910       25.0   11   1
 07424  513    -1.2330   -2.2890       34.0   11   1
 07425  514    -1.2290   -1.2880       60.0   11   1
 07426  515    -1.2250   -0.2860      122.0   11   1
 07427  516    -1.2220    0.7160       80.0   11   1
 07428  517    -1.2180    1.7180       69.0   11   1
 07429  518    -1.2140    2.7200       42.0   11   1
 07453  519    -0.2430   -3.2290       23.0   11   1
 07454  520    -0.2390   -2.2280       45.0   11   1
 07455  521    -0.2360   -1.2260      135.0   11   1
 07456  522    -0.2320   -0.2240      404.0   11   1
 07457  523    -0.2280    0.7780      241.0   11   1
 07458  524    -0.2250    1.7800       52.0   11   1
 07459  525    -0.2210    2.7820       33.0   11   1
 07483  526     0.7500   -3.1670        8.0   11   1
 07484  527     0.7540   -2.1660       23.0   11   1
 07485  528     0.7570   -1.1640      121.0   11   1
 07486  529     0.7610   -0.1620      212.0   11   1
 07487  530     0.7650    0.8400      143.0   11   1
 07488  531     0.7680    1.8420       66.0   11   1
 07489  532     0.7720    2.8440       43.0   11   1
 07513  533     1.7430   -3.1060        8.0   11   1
 07514  534     1.7470   -2.1040       33.0   11   1
 07515  535     1.7510   -1.1020       28.0   11   1
 07516  536     1.7540   -0.1000       63.0   11   1
 07517  537     1.7580    0.9020       40.0   11   1
 07518  538     1.7620    1.9040       33.0   11   1
 07519  539     1.7650    2.9060       19.0   11   1
 07542  540     2.7360   -3.0440       12.0   11   1
 07543  541     2.7400   -2.0420       13.0   11   1
 07544  542     2.7440   -1.0400       14.0   11   1
 07545  543     2.7470   -0.0380       33.0   11   1
 07546  544     2.7510    0.9640       22.0   11   1
 07547  545     2.7550    1.9660       10.0   11   1
 07548  546     2.7580    2.9680        1.0   11   1
 08068  547    -3.3500   -3.3440       26.0   12   1
 08069  548    -3.3460   -2.3420        0.0   12   1
 08070  549    -3.3420   -1.3400        8.0   12   1
 08071  550    -3.3390   -0.3380       10.0   12   1
 08072  551    -3.3350    0.6640       21.0   12   1
 08073  552    -3.3320    1.6660       15.0   12   1
 08074  553    -3.3280    2.6670       -2.0   12   1
 08097  554    -2.3560   -3.2820       12.0   12   1
 08098  555    -2.3530   -2.2800        3.0   12   1
 08099  556    -2.3490   -1.2780       41.0   12   1
 08100  557    -2.3460   -0.2760       48.0   12   1
 08101  558    -2.3420    0.7260       45.0   12   1
 08102  559    -2.3380    1.7280       28.0   12   1
 08103  560    -2.3350    2.7290       20.0   12   1
 08127  561    -1.3630   -3.2200       17.0   12   1
 08128  562    -1.3600   -2.2180       41.0   12   1
 08129  563    -1.3560   -1.2160       52.0   12   1
 08130  564    -1.3520   -0.2140       93.0   12   1
 08131  565    -1.3490    0.7880       65.0   12   1
 08132  566    -1.3450    1.7900       51.0   12   1
 08133  567    -1.3420    2.7910       38.0   12   1
 08157  568    -0.3700   -3.1580       29.0   12   1
 08158  569    -0.3660   -2.1560       32.0   12   1
 08159  570    -0.3630   -1.1540      141.0   12   1
 08160  571    -0.3590   -0.1520      359.0   12   1
 08161  572    -0.3560    0.8500      248.0   12   1
 08162  573    -0.3520    1.8520       88.0   12   1
 08163  574    -0.3480    2.8530       47.0   12   1
 08187  575     0.6230   -3.0960        6.0   12   1
 08188  576     0.6270   -2.0940       17.0   12   1
 08189  577     0.6300   -1.0920      128.0   12   1
 08190  578     0.6340   -0.0900      337.0   12   1
 08191  579     0.6380    0.9120      140.0   12   1
 08192  580     0.6410    1.9140       56.0   12   1
 08193  581     0.6450    2.9150       39.0   12   1
 08217  582     1.6160   -3.0340       11.0   12   1
 08218  583     1.6200   -2.0320       29.0   12   1
 08219  584     1.6240   -1.0300       42.0   12   1
 08220  585     1.6270   -0.0280       36.0   12   1
 08221  586     1.6310    0.9740       68.0   12   1
 08222  587     1.6340    1.9760       50.0   12   1
 08223  588     1.6380    2.9770       30.0   12   1
 08246  589     2.6100   -2.9720       14.0   12   1
 08247  590     2.6130   -1.9700       28.0   12   1
 08248  591     2.6170   -0.9680       20.0   12   1
 08249  592     2.6200    0.0340       16.0   12   1
 08250  593     2.6240    1.0360       36.0   12   1
 08251  594     2.6280    2.0380       15.0   12   1
 08252  595     2.6310    3.0390       22.0   12   1
 08776  596    -3.3980   -2.6080       14.0   13   1
 08777  597    -3.3940   -1.6060        0.0   13   1
 08778  598    -3.3910   -0.6040       21.0   13   1
 08779  599    -3.3870    0.3980       23.0   13   1
 08780  600    -3.3840    1.3990        7.0   13   1
 08781  601    -3.3800    2.4010        7.0   13   1
 08782  602    -3.3760    3.4030        5.0   13   1
 08806  603    -2.4050   -2.5460       17.0   13   1
 08807  604    -2.4010   -1.5440       22.0   13   1
 08808  605    -2.3980   -0.5420       33.0   13   1
 08809  606    -2.3940    0.4600       34.0   13   1
 08810  607    -2.3900    1.4610       15.0   13   1
 08811  608    -2.3870    2.4630       21.0   13   1
 08812  609    -2.3830    3.4650       11.0   13   1
 08835  610    -1.4150   -3.4860       28.0   13   1
 08836  611    -1.4110   -2.4840       37.0   13   1
 08837  612    -1.4080   -1.4820       42.0   13   1
 08838  613    -1.4040   -0.4800       79.0   13   1
 08839  614    -1.4010    0.5220       65.0   13   1
 08840  615    -1.3970    1.5230       56.0   13   1
 08841  616    -1.3940    2.5250       44.0   13   1
 08865  617    -0.4220   -3.4240       21.0   13   1
 08866  618    -0.4180   -2.4220       50.0   13   1
 08867  619    -0.4150   -1.4200       97.0   13   1
 08868  620    -0.4110   -0.4180      330.0   13   1
 08869  621    -0.4080    0.5840      262.0   13   1
 08870  622    -0.4040    1.5860       66.0   13   1
 08871  623    -0.4000    2.5870       35.0   13   1
 08895  624     0.5710   -3.3620       11.0   13   1
 08896  625     0.5750   -2.3600       30.0   13   1
 08897  626     0.5780   -1.3580       66.0   13   1
 08898  627     0.5820   -0.3560      270.0   13   1
 08899  628     0.5860    0.6460      222.0   13   1
 08900  629     0.5890    1.6480       71.0   13   1
 08901  630     0.5930    2.6490       40.0   13   1
 08925  631     1.5650   -3.3000       11.0   13   1
 08926  632     1.5680   -2.2980       27.0   13   1
 08927  633     1.5720   -1.2960       49.0   13   1
 08928  634     1.5750   -0.2940       49.0   13   1
 08929  635     1.5790    0.7080       55.0   13   1
 08930  636     1.5820    1.7100       26.0   13   1
 08931  637     1.5860    2.7110       24.0   13   1
 08955  638     2.5580   -3.2380       16.0   13   1
 08956  639     2.5610   -2.2360       13.0   13   1
 08957  640     2.5650   -1.2340        8.0   13   1
 08958  641     2.5680   -0.2320       41.0   13   1
 08959  642     2.5720    0.7700       34.0   13   1
 08960  643     2.5760    1.7720       34.0   13   1
 08961  644     2.5790    2.7740        4.0   13   1
 09491  645    -3.2070   -3.3700       22.0   14   1
 09492  646    -3.2030   -2.3680        7.0   14   1
 09493  647    -3.2000   -1.3670       13.0   14   1
 09494  648    -3.1960   -0.3650       -2.0   14   1
 09495  649    -3.1930    0.6370       30.0   14   1
 09496  650    -3.1890    1.6390       31.0   14   1
 09497  651    -3.1860    2.6410       15.0   14   1
 09521  652    -2.2140   -3.3080       16.0   14   1
 09522  653    -2.2100   -2.3060       13.0   14   1
 09523  654    -2.2060   -1.3050       27.0   14   1
 09524  655    -2.2030   -0.3030       28.0   14   1
 09525  656    -2.1990    0.6990       33.0   14   1
 09526  657    -2.1960    1.7010       39.0   14   1
 09527  658    -2.1920    2.7030       16.0   14   1
 09551  659    -1.2200   -3.2460       27.0   14   1
 09552  660    -1.2170   -2.2440       28.0   14   1
 09553  661    -1.2130   -1.2430       56.0   14   1
 09554  662    -1.2100   -0.2410      127.0   14   1
 09555  663    -1.2060    0.7610       55.0   14   1
 09556  664    -1.2030    1.7630       55.0   14   1
 09557  665    -1.1990    2.7650       27.0   14   1
 09581  666    -0.2270   -3.1840       25.0   14   1
 09582  667    -0.2240   -2.1820       41.0   14   1
 09583  668    -0.2200   -1.1810      145.0   14   1
 09584  669    -0.2160   -0.1790      396.0   14   1
 09585  670    -0.2130    0.8230      227.0   14   1
 09586  671    -0.2090    1.8250       73.0   14   1
 09587  672    -0.2060    2.8270       45.0   14   1
 09611  673     0.7660   -3.1220       12.0   14   1
 09612  674     0.7700   -2.1200       42.0   14   1
 09613  675     0.7730   -1.1190      118.0   14   1
 09614  676     0.7770   -0.1170      243.0   14   1
 09615  677     0.7800    0.8850      131.0   14   1
 09616  678     0.7840    1.8870       68.0   14   1
 09617  679     0.7870    2.8890       43.0   14   1
 09641  680     1.7600   -3.0600       12.0   14   1
 09642  681     1.7630   -2.0580       60.0   14   1
 09643  682     1.7670   -1.0570       56.0   14   1
 09644  683     1.7700   -0.0550       48.0   14   1
 09645  684     1.7740    0.9470       55.0   14   1
 09646  685     1.7770    1.9490       14.0   14   1
 09647  686     1.7810    2.9510       34.0   14   1
 09670  687     2.7530   -2.9980       17.0   14   1
 09671  688     2.7560   -1.9960       22.0   14   1
 09672  689     2.7600   -0.9940       26.0   14   1
 09673  690     2.7630    0.0070       12.0   14   1
 09674  691     2.7670    1.0090       28.0   14   1
 09675  692     2.7700    2.0110       -1.0   14   1
 09676  693     2.7740    3.0130       15.0   14   1
 10200  694    -3.3360   -2.9110        9.0   15   1
 10201  695    -3.3320   -1.9090       14.0   15   1
 10202  696    -3.3280   -0.9070       25.0   15   1
 10203  697    -3.3250    0.0950       14.0   15   1
 10204  698    -3.3210    1.0970       23.0   15   1
 10205  699    -3.3180    2.0990       10.0   15   1
 10206  700    -3.3140    3.1010       21.0   15   1
 10229  701    -2.3420   -2.8490       22.0   15   1
 10230  702    -2.3390   -1.8470       24.0   15   1
 10231  703    -2.3350   -0.8450       38.0   15   1
 10232  704    -2.3320    0.1570       27.0   15   1
 10233  705    -2.3280    1.1590       32.0   15   1
 10234  706    -2.3250    2.1610       30.0   15   1
 10235  707    -2.3210    3.1630       15.0   15   1
 10259  708    -1.3490   -2.7870       30.0   15   1
 10260  709    -1.3460   -1.7850       50.0   15   1
 10261  710    -1.3420   -0.7830       76.0   15   1
 10262  711    -1.3390    0.2190       99.0   15   1
 10263  712    -1.3350    1.2210       56.0   15   1
 10264  713    -1.3310    2.2230       44.0   15   1
 10265  714    -1.3280    3.2250       27.0   15   1
 10289  715    -0.3560   -2.7240       30.0   15   1
 10290  716    -0.3520   -1.7230       45.0   15   1
 10291  717    -0.3490   -0.7210      259.0   15   1
 10292  718    -0.3450    0.2810      328.0   15   1
 10293  719    -0.3420    1.2830      142.0   15   1
 10294  720    -0.3380    2.2850       50.0   15   1
 10295  721    -0.3350    3.2870       27.0   15   1
 10319  722     0.6370   -2.6620       35.0   15   1
 10320  723     0.6410   -1.6600       48.0   15   1
 10321  724     0.6440   -0.6590      227.0   15   1
 10322  725     0.6480    0.3430      250.0   15   1
 10323  726     0.6510    1.3450      110.0   15   1
 10324  727     0.6550    2.3470       28.0   15   1
 10325  728     0.6580    3.3490       16.0   15   1
 10349  729     1.6310   -2.6000       25.0   15   1
 10350  730     1.6340   -1.5980       39.0   15   1
 10351  731     1.6380   -0.5970       54.0   15   1
 10352  732     1.6410    0.4050       62.0   15   1
 10353  733     1.6450    1.4070       65.0   15   1
 10354  734     1.6480    2.4090       30.0   15   1
 10355  735     1.6520    3.4110       26.0   15   1
 10379  736     2.6240   -2.5380        6.0   15   1
 10380  737     2.6270   -1.5360       15.0   15   1
 10381  738     2.6310   -0.5340       35.0   15   1
 10382  739     2.6340    0.4670       35.0   15   1
 10383  740     2.6380    1.4690       25.0   15   1
 10384  741     2.6410    2.4710        9.0   15   1
 10385  742     2.6450    3.4730       14.0   15   1
 10936  743    -2.6050   -3.0080       18.0   16   1
 10937  744    -2.6010   -2.0060       22.0   16   1
 10938  745    -2.5980   -1.0040       16.0   16   1
 10939  746    -2.5940   -0.0020       31.0   16   1
 10940  747    -2.5910    1.0000       20.0   16   1
 10941  748    -2.5870    2.0020       35.0   16   1
 10942  749    -2.5840    3.0040       21.0   16   1
 10965  750    -1.6120   -2.9460       28.0   16   1
 10966  751    -1.6080   -1.9440       47.0   16   1
 10967  752    -1.6050   -0.9420       63.0   16   1
 10968  753    -1.6010    0.0600       53.0   16   1
 10969  754    -1.5980    1.0620       47.0   16   1
 10970  755    -1.5940    2.0640       54.0   16   1
 10971  756    -1.5910    3.0660       40.0   16   1
 10995  757    -0.6180   -2.8840       54.0   16   1
 10996  758    -0.6150   -1.8820       58.0   16   1
 10997  759    -0.6110   -0.8800      182.0   16   1
 10998  760    -0.6080    0.1220      323.0   16   1
 10999  761    -0.6040    1.1240      119.0   16   1
 11000  762    -0.6010    2.1260       44.0   16   1
 11001  763    -0.5980    3.1280       29.0   16   1
 11025  764     0.3750   -2.8220       27.0   16   1
 11026  765     0.3780   -1.8200       56.0   16   1
 11027  766     0.3820   -0.8180      225.0   16   1
 11028  767     0.3850    0.1840      361.0   16   1
 11029  768     0.3890    1.1860      146.0   16   1
 11030  769     0.3920    2.1880       46.0   16   1
 11031  770     0.3960    3.1900       28.0   16   1
 11055  771     1.3680   -2.7600       40.0   16   1
 11056  772     1.3720   -1.7580       29.0   16   1
 11057  773     1.3750   -0.7560       52.0   16   1
 11058  774     1.3790    0.2460       97.0   16   1
 11059  775     1.3820    1.2480       47.0   16   1
 11060  776     1.3850    2.2500       29.0   16   1
 11061  777     1.3890    3.2520       17.0   16   1
 11085  778     2.3610   -2.6980       16.0   16   1
 11086  779     2.3650   -1.6960       24.0   16   1
 11087  780     2.3680   -0.6940       44.0   16   1
 11088  781     2.3720    0.3080       48.0   16   1
 11089  782     2.3750    1.3100       43.0   16   1
 11090  783     2.3790    2.3120       19.0   16   1
 11091  784     2.3820    3.3140       18.0   16   1
 11114  785     3.3550   -2.6360        9.0   16   1
 11115  786     3.3580   -1.6340       23.0   16   1
 11116  787     3.3620   -0.6320        6.0   16   1
 11117  788     3.3650    0.3700       30.0   16   1
 11118  789     3.3680    1.3720       21.0   16   1
 11119  790     3.3720    2.3740       21.0   16   1
 11120  791     3.3750    3.3760       10.0   16   1
 Ls:        11368
 Us:          791
 chi2norm =   1.00000000    
       10000  steps completed
       20000  steps completed
       30000  steps completed
       40000  steps completed
       50000  steps completed
       60000  steps completed
       70000  steps completed
       80000  steps completed
       90000  steps completed
      100000  steps completed
      110000  steps completed
      120000  steps completed
      130000  steps completed
      140000  steps completed
      150000  steps completed
      160000  steps completed
      170000  steps completed
      180000  steps completed
      190000  steps completed
      200000  steps completed
      210000  steps completed
      220000  steps completed
      230000  steps completed
      240000  steps completed
      250000  steps completed
      260000  steps completed
      270000  steps completed
      280000  steps completed
      290000  steps completed
      300000  steps completed
      310000  steps completed
      320000  steps completed
      330000  steps completed
      340000  steps completed
      350000  steps completed
      360000  steps completed
      370000  steps completed
      380000  steps completed
      390000  steps completed
      400000  steps completed
      410000  steps completed
      420000  steps completed
      430000  steps completed
      440000  steps completed
      450000  steps completed
      460000  steps completed
      470000  steps completed
      480000  steps completed
      490000  steps completed
      500000  steps completed
 accepted, rejected MCMC steps:       25404      474596
 chi2norm =   1.91497600    
       10000  steps completed
       20000  steps completed
       30000  steps completed
       40000  steps completed
       50000  steps completed
       60000  steps completed
       70000  steps completed
       80000  steps completed
       90000  steps completed
      100000  steps completed
      110000  steps completed
      120000  steps completed
      130000  steps completed
      140000  steps completed
      150000  steps completed
      160000  steps completed
      170000  steps completed
      180000  steps completed
      190000  steps completed
      200000  steps completed
      210000  steps completed
      220000  steps completed
      230000  steps completed
      240000  steps completed
      250000  steps completed
      260000  steps completed
      270000  steps completed
      280000  steps completed
      290000  steps completed
      300000  steps completed
      310000  steps completed
      320000  steps completed
      330000  steps completed
      340000  steps completed
      350000  steps completed
      360000  steps completed
      370000  steps completed
      380000  steps completed
      390000  steps completed
      400000  steps completed
      410000  steps completed
      420000  steps completed
      430000  steps completed
      440000  steps completed
      450000  steps completed
Note: The following floating-point exceptions are signalling: IEEE_UNDERFLOW_FLAG
      460000  steps completed
      470000  steps completed
      480000  steps completed
      490000  steps completed
      500000  steps completed
 accepted, rejected MCMC steps:       48694      451306
 GENERATE PIX_SHOW...
 ---> i:          100
 ---> i:          200
 ---> i:          300
 ---> i:          400
 ---> i:          500
 ---> i:          600
 ---> i:          700
 ---> i:          800
 ---> i:          900
 ---> i:         1000
 ---> i:         1100
 ---> i:         1200
 ---> i:         1300
 ---> i:         1400
 ---> i:         1500
 ---> i:         1600
 ---> i:         1700
 ---> i:         1800
 ---> i:         1900
 ---> i:         2000
